<?xml version="1.0" encoding="UTF-8"?>
<!-- Generated by org.testng.reporters.JUnitReportReporter -->
<testsuite hostname="DESKTOP-G79KVG2" failures="0" tests="1" name="com.sz.testcases.AddRole" time="11.003" errors="0" timestamp="2023-04-04T23:33:00 IST" skipped="0">
  <testcase classname="com.sz.testcases.AddRole" name="AddRole" time="11.003"/>
  <system-out>
    <![CDATA[-----------------------------------------------------------------------
-------------------=---launchApplication--------------------------
Application launched successfully
-----------------------------------------------------------------------
-----------------------------------------------------------------------
----------------------loginToSynzeal function--------------------------
login To Synzeal is successful
-----------------------------------------------------------------------
----------------------SearchMaster function--------------------------
Searching for string ->AutoRole1
-----------------------------------------------------------------------
----------------------logoutSynzeal function--------------------------
-----------------------------------------------------------------------]]>
  </system-out>
</testsuite> <!-- com.sz.testcases.AddRole -->
